[0mGET /users/dashboard [32m200[0m 59.499 ms - 1320[0m
[0mGET /users/logout [36m302[0m 34.168 ms - 68[0m
[0mGET /users/login [32m200[0m 12.792 ms - 2781[0m
[0mGET /users/forget-password [32m200[0m 14.462 ms - 1473[0m
[0mPOST /users/resetPassword [36m302[0m 79.560 ms - 130[0m
[0mGET /users/forget-password [32m200[0m 7.795 ms - 1755[0m
[0mGET /users/forget-password [32m200[0m 47.277 ms - 1473[0m
[0mPOST /users/resetPassword [36m302[0m 101.307 ms - 130[0m
[0mGET /users/forget-password [32m200[0m 34.035 ms - 1755[0m
[0mPOST /users/resetPassword [36m302[0m 67.535 ms - 130[0m
[0mGET /users/forget-password [36m304[0m 14.608 ms - -[0m
[0mGET /users/register [32m200[0m 13.697 ms - 2999[0m
[0mGET /users/auth/google [36m302[0m 15.388 ms - 0[0m
[0mGET /users/auth/google/callback?code=4%2F0AVHEtk4odxTf5TKKkjjQ8nl7inBvTk2WEoMLU1Wl2iD4_K20vnE2o5dB0vWIZd6UXFhqbg&scope=email+profile+https%3A%2F%2Fwww.googleapis.com%2Fauth%2Fuserinfo.email+https%3A%2F%2Fwww.googleapis.com%2Fauth%2Fuserinfo.profile+openid&authuser=0&prompt=consent [36m302[0m 1086.629 ms - 76[0m
[0mGET /users/dashboard [32m200[0m 30.521 ms - 1607[0m
[0mGET /users/changepassword [32m200[0m 12.442 ms - 1671[0m
[0mGET /users/logout [36m302[0m 11.339 ms - 68[0m
[0mGET /users/login [36m304[0m 10.197 ms - -[0m
[0mGET /users/reset-password [32m200[0m 57.422 ms - 1779[0m
[0mGET /users/reset-password/12345 [33m404[0m 27.406 ms - 165[0m
[0mGET /users/reset-password/ [32m200[0m 48.289 ms - 1779[0m
[0mGET /users/reset-password/ [36m304[0m 18.406 ms - -[0m
[0mGET /users/reset-password?token=PoXTJ0mSFacQwUaCNygwz5voSbvOyYfr [32m200[0m 14.760 ms - 1779[0m
[0mGET /users/reset-password?token=PoXTJ0mSFacQwUaCNygwz5voSbvOyYfr [36m304[0m 14.338 ms - -[0m
[0mPOST /users/reset-password [36m302[0m 176.159 ms - 68[0m
[0mGET /users/login [32m200[0m 4.153 ms - 2790[0m
[0mPOST /users/login [36m302[0m 133.050 ms - 76[0m
[0mGET /users/dashboard [36m302[0m 6.463 ms - 68[0m
[0mGET /users/login [32m200[0m 5.008 ms - 2798[0m
[0mPOST /users/login [36m302[0m 122.590 ms - 76[0m
[0mGET /users/dashboard [32m200[0m 10.364 ms - 1320[0m
[0mGET /users/logout [36m302[0m 14.908 ms - 68[0m
[0mGET /users/login [32m200[0m 8.086 ms - 2781[0m
[0mGET /users/forget-password [32m200[0m 7.705 ms - 1473[0m
[0mPOST /users/resetPassword [36m302[0m 28.131 ms - 130[0m
[0mGET /users/forget-password [32m200[0m 11.395 ms - 1755[0m
[0mGET /users/forget-password?token=IwBQepdtVaZnBruGqWkET3BGinWheUtl [32m200[0m 15.780 ms - 1473[0m
[0mGET /users/forget-password?token=IwBQepdtVaZnBruGqWkET3BGinWheUtl [36m304[0m 7.768 ms - -[0m
[0mGET /users/reset-password?token=IwBQepdtVaZnBruGqWkET3BGinWheUtl [32m200[0m 20.726 ms - 1779[0m
[0mPOST /users/reset-password [36m302[0m 46.548 ms - 206[0m
[0mGET /users/reset-password?token=IwBQepdtVaZnBruGqWkET3BGinWheUtl [32m200[0m 26.244 ms - 2080[0m
[0mPOST /users/reset-password [36m302[0m 152.204 ms - 68[0m
[0mGET /users/login [32m200[0m 6.453 ms - 2790[0m
[0mPOST /users/login [36m302[0m 122.752 ms - 76[0m
[0mGET /users/dashboard [36m304[0m 9.869 ms - -[0m
[0mGET /users/logout [36m302[0m 23.480 ms - 68[0m
[0mGET /users/login [32m200[0m 15.212 ms - 2781[0m
[0mGET /users/forget-password [32m200[0m 12.632 ms - 1473[0m
[0mPOST /users/resetPassword [36m302[0m 61.032 ms - 130[0m
[0mGET /users/forget-password [32m200[0m 3.341 ms - 1755[0m
[0mGET /users/reset-password [32m200[0m 20.899 ms - 1779[0m
[0mGET /users/reset-password?token=nSPHELDv5ZQ4qaalvInwjBRJ2Iuz8PXu [32m200[0m 14.731 ms - 1779[0m
[0mPOST /users/reset-password [36m302[0m 136.631 ms - 68[0m
[0mGET /users/login [32m200[0m 3.847 ms - 2790[0m
[0mPOST /users/login [36m302[0m 117.017 ms - 76[0m
[0mGET /users/dashboard [36m304[0m 7.350 ms - -[0m
[0mGET /users/logout [36m302[0m 15.508 ms - 68[0m
[0mGET /users/login [32m200[0m 6.749 ms - 2781[0m
[0mGET /users/auth/google [36m302[0m 9.343 ms - 0[0m
[0mGET /users/auth/google/callback?code=4%2F0AWtgzh6Z1sTeJwbEkuu4aYPvQ1tZ-3cC2gdOgDQC_GZoz2_tAIa8ZZNMMqV001B7qpfj3Q&scope=email+profile+https%3A%2F%2Fwww.googleapis.com%2Fauth%2Fuserinfo.email+https%3A%2F%2Fwww.googleapis.com%2Fauth%2Fuserinfo.profile+openid&authuser=0&prompt=consent [36m302[0m 1004.526 ms - 76[0m
[0mGET /users/dashboard [32m200[0m 19.973 ms - 1607[0m
[0mGET /users/logout [36m302[0m 9.031 ms - 68[0m
[0mGET /users/login [36m304[0m 9.007 ms - -[0m
